Exporter version: 6.3.1, Blender version: 2.82 (sub 7)
========= Conversion from Blender to Babylon.js =========
	Scene settings used :
		Inline textures     :  false
		Material Type       :  PBR
		Positions Precision :  4
		Normals Precision   :  3
		UVs Precision       :  3
		Vert Color Precision:  3
		Mat Weight Precision:  2
		Keep Z-up r-handed  :  no
		Texture directory   :  /home/ariel/Escritorio/archivos para luego borrar varios proyectos/física babylon y blender3D/babylonBlenderFIle/
			processing env texture lysGenerated_afternoon.env
	Python World class constructor completed
	processing begun of mesh:  suelo
		processing begun of material:  Material
		num positions      :  30
		num normals        :  30
		num tangents       :  0
		num uvs            :  60
		num uvs2           :  0
		num colors         :  0
		num indices        :  36
	processing begun of camera (UniversalCamera):  camaraBlender
	processing begun of mesh:  cubo
		processing begun of material:  MaterialRojo
		num positions      :  29
		num normals        :  29
		num tangents       :  0
		num uvs            :  58
		num uvs2           :  0
		num colors         :  0
		num indices        :  36
	processing begun of light (POINT):  Light
========= Writing of JSON file started =========
	writing mesh:  suelo
	writing mesh:  cubo
========= Writing of JSON file completed =========
========= end of processing =========
elapsed time:  0 min, 0.0204 secs
